<?xml version="1.0" encoding="UTF-8" ?>
<testsuite tests="1" failures="0" name="com.TestDemo" time="0.002" errors="0" skipped="0">
  <properties>
    <property name="idea.version" value="2021.2.3"/>
    <property name="java.runtime.name" value="Java(TM) SE Runtime Environment"/>
    <property name="sun.boot.library.path" value="D:\LenovoSoftstore\Install\Java\jdk1.8.0_311\jre\bin"/>
    <property name="java.vm.version" value="25.311-b11"/>
    <property name="java.vm.vendor" value="Oracle Corporation"/>
    <property name="maven.multiModuleProjectDirectory" value="E:\Workspace_ALL\Java_Workspace\java02"/>
    <property name="java.vendor.url" value="http://java.oracle.com/"/>
    <property name="path.separator" value=";"/>
    <property name="guice.disable.misplaced.annotation.check" value="true"/>
    <property name="java.vm.name" value="Java HotSpot(TM) 64-Bit Server VM"/>
    <property name="file.encoding.pkg" value="sun.io"/>
    <property name="user.script" value=""/>
    <property name="user.country" value="CN"/>
    <property name="sun.java.launcher" value="SUN_STANDARD"/>
    <property name="sun.os.patch.level" value=""/>
    <property name="java.vm.specification.name" value="Java Virtual Machine Specification"/>
    <property name="user.dir" value="E:\Workspace_ALL\Java_Workspace\java02"/>
    <property name="java.runtime.version" value="1.8.0_311-b11"/>
    <property name="java.awt.graphicsenv" value="sun.awt.Win32GraphicsEnvironment"/>
    <property name="java.endorsed.dirs" value="D:\LenovoSoftstore\Install\Java\jdk1.8.0_311\jre\lib\endorsed"/>
    <property name="os.arch" value="amd64"/>
    <property name="java.io.tmpdir" value="C:\Users\LIUBIN~1\AppData\Local\Temp\"/>
    <property name="line.separator" value="
"/>
    <property name="java.vm.specification.vendor" value="Oracle Corporation"/>
    <property name="user.variant" value=""/>
    <property name="os.name" value="Windows 10"/>
    <property name="maven.ext.class.path" value="D:\LenovoSoftstore\Install\Java\IntelliJ IDEA 2021.2.3\plugins\maven\lib\maven-event-listener.jar"/>
    <property name="classworlds.conf" value="D:\LenovoSoftstore\Install\Java\apache-maven-3.6.3\bin\m2.conf"/>
    <property name="sun.jnu.encoding" value="GBK"/>
    <property name="java.library.path" value="D:\LenovoSoftstore\Install\Java\jdk1.8.0_311\bin;C:\Windows\Sun\Java\bin;C:\Windows\system32;C:\Windows;C:\Program Files\NVIDIA GPU Computing Toolkit\CUDA\v11.6\bin;C:\Program Files\NVIDIA GPU Computing Toolkit\CUDA\v11.6\libnvvp;C:\Program Files (x86)\Common Files\Oracle\Java\javapath;D:\Program Files (x86)\VMware\VMware Workstation\bin\;C:\Windows\system32;C:\Windows;C:\Windows\System32\Wbem;C:\Windows\System32\WindowsPowerShell\v1.0\;C:\Windows\System32\OpenSSH\;C:\Program Files (x86)\NVIDIA Corporation\PhysX\Common;C:\Program Files\NVIDIA Corporation\NVIDIA NvDLISR;D:\LenovoSoftstore\Install\Java\jdk1.8.0_311\bin;D:\LenovoSoftstore\Install\Java\jre1.8.0_311;C:\Program Files\Common Files\Autodesk Shared\;C:\Program Files\Microsoft SQL Server\120\Tools\Binn\;D:\Program Files (x86)\CMake\bin;D:\Program Files (x86)\Matalab\R2020b\runtime\win64;D:\Program Files (x86)\Matalab\R2020b\bin;D:\Program Files (x86)\Matalab\R2020b\polyspace\bin;C:\Strawberry\c\bin;C:\Strawberry\perl\site\bin;C:\Strawberry\perl\bin;D:\LenovoSoftstore\Install\Qt\Qt5.12.1\5.12.1\msvc2017_64\include;D:\Windows Kits\10\Windows Performance Toolkit\;D:\LenovoSoftstore\Install\Qt\Qt5.12.1\Tools\mingw730_64\bin;D:\LenovoSoftstore\Install\Qt\Qt5.12.1\5.12.1\mingw73_64\bin;C:\Program Files\NVIDIA Corporation\Nsight Compute 2022.1.0\;C:\Program Files\NVIDIA GPU Computing Toolkit\CUDA\v11.6;C:\Program Files\NVIDIA GPU Computing Toolkit\CUDA\v11.6\lib\x64;C:\Program Files\NVIDIA GPU Computing Toolkit\CUDA\v11.6\bin;C:\Program Files\NVIDIA GPU Computing Toolkit\CUDA\v11.6\libnvvp;E:\anaconda3;E:\anaconda3\Scripts;E:\anaconda3\Library\bin;E:\anaconda3\Library\mingw-w64\bin;D:\Program Files (x86)\互传\EasyShare\x86\;D:\Program Files (x86)\互传\EasyShare\x64\;D:\LenovoSoftstore\Install\Java\apache-maven-3.9.3\bin;C:\Program Files\MySQL\MySQL Shell 8.0\bin\;D:\LenovoSoftstore\Install\Python\Python39\Scripts\;D:\LenovoSoftstore\Install\Python\Python39\;C:\Users\liubingxin\AppData\Local\Microsoft\WindowsApps;C:\Program Files\MySQL\MySQL Server 8.0\bin;D:\Program Files (x86)\Nmap;D:\Program Files (x86)\VScode\Microsoft VS Code\bin;C:\Program Files\NVIDIA GPU Computing Toolkit\CUDA\v11.6;C:\Program Files\NVIDIA GPU Computing Toolkit\CUDA\v11.6\lib\x64;C:\Program Files\NVIDIA GPU Computing Toolkit\CUDA\v11.6\bin;C:\Program Files\NVIDIA GPU Computing Toolkit\CUDA\v11.6\libnvvp;E:\anaconda3;E:\anaconda3\Scripts;;."/>
    <property name="maven.conf" value="D:\LenovoSoftstore\Install\Java\apache-maven-3.6.3/conf"/>
    <property name="java.specification.name" value="Java Platform API Specification"/>
    <property name="java.class.version" value="52.0"/>
    <property name="sun.management.compiler" value="HotSpot 64-Bit Tiered Compilers"/>
    <property name="maven.repo.local" value="D:\LenovoSoftstore\Install\Java\apache-maven-3.6.3\localRepository"/>
    <property name="os.version" value="10.0"/>
    <property name="user.home" value="C:\Users\liubingxin"/>
    <property name="user.timezone" value="Asia/Shanghai"/>
    <property name="java.awt.printerjob" value="sun.awt.windows.WPrinterJob"/>
    <property name="java.specification.version" value="1.8"/>
    <property name="file.encoding" value="UTF-8"/>
    <property name="user.name" value="liubingxin"/>
    <property name="java.class.path" value="D:\LenovoSoftstore\Install\Java\apache-maven-3.6.3\boot\plexus-classworlds-2.6.0.jar;D:\LenovoSoftstore\Install\Java\apache-maven-3.6.3\boot\plexus-classworlds.license;D:\LenovoSoftstore\Install\Java\IntelliJ IDEA 2021.2.3\lib\idea_rt.jar"/>
    <property name="java.vm.specification.version" value="1.8"/>
    <property name="sun.arch.data.model" value="64"/>
    <property name="java.home" value="D:\LenovoSoftstore\Install\Java\jdk1.8.0_311\jre"/>
    <property name="sun.java.command" value="org.codehaus.classworlds.Launcher -Didea.version=2021.2.3 -s D:\LenovoSoftstore\Install\Java\apache-maven-3.6.3\conf\settings.xml -Dmaven.repo.local=D:\LenovoSoftstore\Install\Java\apache-maven-3.6.3\localRepository test"/>
    <property name="java.specification.vendor" value="Oracle Corporation"/>
    <property name="user.language" value="zh"/>
    <property name="awt.toolkit" value="sun.awt.windows.WToolkit"/>
    <property name="java.vm.info" value="mixed mode"/>
    <property name="java.version" value="1.8.0_311"/>
    <property name="java.ext.dirs" value="D:\LenovoSoftstore\Install\Java\jdk1.8.0_311\jre\lib\ext;C:\Windows\Sun\Java\lib\ext"/>
    <property name="sun.boot.class.path" value="D:\LenovoSoftstore\Install\Java\jdk1.8.0_311\jre\lib\resources.jar;D:\LenovoSoftstore\Install\Java\jdk1.8.0_311\jre\lib\rt.jar;D:\LenovoSoftstore\Install\Java\jdk1.8.0_311\jre\lib\sunrsasign.jar;D:\LenovoSoftstore\Install\Java\jdk1.8.0_311\jre\lib\jsse.jar;D:\LenovoSoftstore\Install\Java\jdk1.8.0_311\jre\lib\jce.jar;D:\LenovoSoftstore\Install\Java\jdk1.8.0_311\jre\lib\charsets.jar;D:\LenovoSoftstore\Install\Java\jdk1.8.0_311\jre\lib\jfr.jar;D:\LenovoSoftstore\Install\Java\jdk1.8.0_311\jre\classes"/>
    <property name="java.vendor" value="Oracle Corporation"/>
    <property name="maven.home" value="D:\LenovoSoftstore\Install\Java\apache-maven-3.6.3"/>
    <property name="file.separator" value="\"/>
    <property name="java.vendor.url.bug" value="http://bugreport.sun.com/bugreport/"/>
    <property name="sun.cpu.endian" value="little"/>
    <property name="sun.io.unicode.encoding" value="UnicodeLittle"/>
    <property name="sun.desktop" value="windows"/>
    <property name="sun.cpu.isalist" value="amd64"/>
  </properties>
  <testcase classname="com.TestDemo" name="testSay" time="0.002"/>
</testsuite>